  District.cpp
C:\Users\krzys\source\repos\projekt_pk4_total_war\Projekt_total_war\Resources\District.cpp(89,76): warning C4244: "argument": konwersja z "int" do "T", możliwa utrata danych
          with
          [
              T=float
          ]
C:\Users\krzys\source\repos\projekt_pk4_total_war\Projekt_total_war\Resources\District.cpp(89,68): warning C4244: "argument": konwersja z "int" do "T", możliwa utrata danych
          with
          [
              T=float
          ]
C:\Users\krzys\source\repos\projekt_pk4_total_war\Projekt_total_war\Resources\District.cpp(90,73): warning C4244: "argument": konwersja z "int" do "T", możliwa utrata danych
          with
          [
              T=float
          ]
C:\Users\krzys\source\repos\projekt_pk4_total_war\Projekt_total_war\Resources\District.cpp(90,65): warning C4244: "argument": konwersja z "int" do "T", możliwa utrata danych
          with
          [
              T=float
          ]
C:\Users\krzys\source\repos\projekt_pk4_total_war\Projekt_total_war\Resources\District.cpp(91,70): warning C4244: "argument": konwersja z "int" do "T", możliwa utrata danych
          with
          [
              T=float
          ]
C:\Users\krzys\source\repos\projekt_pk4_total_war\Projekt_total_war\Resources\District.cpp(91,62): warning C4244: "argument": konwersja z "int" do "T", możliwa utrata danych
          with
          [
              T=float
          ]
C:\Users\krzys\source\repos\projekt_pk4_total_war\Projekt_total_war\Resources\District.cpp(94,53): warning C4244: "argument": konwersja z "int" do "T", możliwa utrata danych
          with
          [
              T=float
          ]
C:\Users\krzys\source\repos\projekt_pk4_total_war\Projekt_total_war\Resources\District.cpp(94,45): warning C4244: "argument": konwersja z "int" do "T", możliwa utrata danych
          with
          [
              T=float
          ]
  Game.cpp
  GameState.cpp
C:\Users\krzys\source\repos\projekt_pk4_total_war\Projekt_total_war\Resources\GameState.cpp(219,74): warning C4244: "argument": konwersja z "T" do "T", możliwa utrata danych
          with
          [
              T=unsigned int
          ]
          and
          [
              T=float
          ]
C:\Users\krzys\source\repos\projekt_pk4_total_war\Projekt_total_war\Resources\GameState.cpp(219,53): warning C4244: "argument": konwersja z "T" do "T", możliwa utrata danych
          with
          [
              T=unsigned int
          ]
          and
          [
              T=float
          ]
  MainMenu.cpp
C:\Users\krzys\source\repos\projekt_pk4_total_war\Projekt_total_war\Resources\MainMenu.cpp(42,74): warning C4244: "argument": konwersja z "T" do "T", możliwa utrata danych
          with
          [
              T=unsigned int
          ]
          and
          [
              T=float
          ]
C:\Users\krzys\source\repos\projekt_pk4_total_war\Projekt_total_war\Resources\MainMenu.cpp(42,53): warning C4244: "argument": konwersja z "T" do "T", możliwa utrata danych
          with
          [
              T=unsigned int
          ]
          and
          [
              T=float
          ]
C:\Users\krzys\source\repos\projekt_pk4_total_war\Projekt_total_war\Resources\MainMenu.cpp(58,98): warning C4244: "argument": konwersja z "double" do "float", możliwa utrata danych
C:\Users\krzys\source\repos\projekt_pk4_total_war\Projekt_total_war\Resources\MainMenu.cpp(58,63): warning C4244: "argument": konwersja z "double" do "float", możliwa utrata danych
C:\Users\krzys\source\repos\projekt_pk4_total_war\Projekt_total_war\Resources\MainMenu.cpp(59,99): warning C4244: "argument": konwersja z "double" do "float", możliwa utrata danych
C:\Users\krzys\source\repos\projekt_pk4_total_war\Projekt_total_war\Resources\MainMenu.cpp(59,64): warning C4244: "argument": konwersja z "double" do "float", możliwa utrata danych
  Player.cpp
  Unit.cpp
C:\Users\krzys\source\repos\projekt_pk4_total_war\Projekt_total_war\Resources\Unit.cpp(48,32): warning C4244: "argument": konwersja z "double" do "float", możliwa utrata danych
C:\Users\krzys\source\repos\projekt_pk4_total_war\Projekt_total_war\Resources\Unit.cpp(215,63): warning C4244: "argument": konwersja z "float" do "sf::Int32", możliwa utrata danych
  Generowanie kodu...
  Projekt_total_war.vcxproj -> C:\Users\krzys\source\repos\projekt_pk4_total_war\x64\Debug\Projekt_total_war.exe
