  Game.cpp
  projekt.cpp
  Generowanie kodu...
Game.obj : error LNK2019: nierozpoznany symbol zewnętrzny "__declspec(dllimport) public: __cdecl sf::String::String(char const *,class std::locale const &)" (__imp_??0String@sf@@QEAA@PEBDAEBVlocale@std@@@Z) przywołany w funkcji "private: void __cdecl Game::initWindow(void)" (?initWindow@Game@@AEAAXXZ)
Game.obj : error LNK2019: nierozpoznany symbol zewnętrzny "__declspec(dllimport) public: __cdecl sf::String::~String(void)" (__imp_??1String@sf@@QEAA@XZ) przywołany w funkcji "private: void __cdecl Game::initWindow(void)" (?initWindow@Game@@AEAAXXZ)
Game.obj : error LNK2019: nierozpoznany symbol zewnętrzny "__declspec(dllimport) public: __cdecl sf::VideoMode::VideoMode(unsigned int,unsigned int,unsigned int)" (__imp_??0VideoMode@sf@@QEAA@III@Z) przywołany w funkcji "private: void __cdecl Game::initWindow(void)" (?initWindow@Game@@AEAAXXZ)
Game.obj : error LNK2019: nierozpoznany symbol zewnętrzny "__declspec(dllimport) public: void __cdecl sf::Window::close(void)" (__imp_?close@Window@sf@@QEAAXXZ) przywołany w funkcji "private: void __cdecl Game::uptade(void)" (?uptade@Game@@AEAAXXZ)
Game.obj : error LNK2019: nierozpoznany symbol zewnętrzny "__declspec(dllimport) public: bool __cdecl sf::Window::isOpen(void)const " (__imp_?isOpen@Window@sf@@QEBA_NXZ) przywołany w funkcji "public: void __cdecl Game::play(void)" (?play@Game@@QEAAXXZ)
Game.obj : error LNK2019: nierozpoznany symbol zewnętrzny "__declspec(dllimport) public: bool __cdecl sf::Window::pollEvent(class sf::Event &)" (__imp_?pollEvent@Window@sf@@QEAA_NAEAVEvent@2@@Z) przywołany w funkcji "private: void __cdecl Game::uptade(void)" (?uptade@Game@@AEAAXXZ)
Game.obj : error LNK2019: nierozpoznany symbol zewnętrzny "__declspec(dllimport) public: void __cdecl sf::Window::setFramerateLimit(unsigned int)" (__imp_?setFramerateLimit@Window@sf@@QEAAXI@Z) przywołany w funkcji "private: void __cdecl Game::initWindow(void)" (?initWindow@Game@@AEAAXXZ)
Game.obj : error LNK2019: nierozpoznany symbol zewnętrzny "__declspec(dllimport) public: void __cdecl sf::Window::display(void)" (__imp_?display@Window@sf@@QEAAXXZ) przywołany w funkcji "private: void __cdecl Game::render(void)" (?render@Game@@AEAAXXZ)
Game.obj : error LNK2019: nierozpoznany symbol zewnętrzny "__declspec(dllimport) public: __cdecl sf::Color::Color(unsigned char,unsigned char,unsigned char,unsigned char)" (__imp_??0Color@sf@@QEAA@EEEE@Z) przywołany w funkcji "private: void __cdecl Game::render(void)" (?render@Game@@AEAAXXZ)
Game.obj : error LNK2019: nierozpoznany symbol zewnętrzny "__declspec(dllimport) public: void __cdecl sf::RenderTarget::clear(class sf::Color const &)" (__imp_?clear@RenderTarget@sf@@QEAAXAEBVColor@2@@Z) przywołany w funkcji "private: void __cdecl Game::render(void)" (?render@Game@@AEAAXXZ)
Game.obj : error LNK2019: nierozpoznany symbol zewnętrzny "__declspec(dllimport) public: __cdecl sf::RenderWindow::RenderWindow(class sf::VideoMode,class sf::String const &,unsigned int,struct sf::ContextSettings const &)" (__imp_??0RenderWindow@sf@@QEAA@VVideoMode@1@AEBVString@1@IAEBUContextSettings@1@@Z) przywołany w funkcji "private: void __cdecl Game::initWindow(void)" (?initWindow@Game@@AEAAXXZ)
Game.obj : error LNK2019: nierozpoznany symbol zewnętrzny "__declspec(dllimport) public: virtual __cdecl sf::RenderWindow::~RenderWindow(void)" (__imp_??1RenderWindow@sf@@UEAA@XZ) przywołany w funkcji "public: virtual void * __cdecl sf::RenderWindow::`scalar deleting destructor'(unsigned int)" (??_GRenderWindow@sf@@UEAAPEAXI@Z)
Game.obj : error LNK2001: nierozpoznany symbol zewnętrzny "public: virtual class sf::Vector2<unsigned int> __cdecl sf::RenderWindow::getSize(void)const " (?getSize@RenderWindow@sf@@UEBA?AV?$Vector2@I@2@XZ)
Game.obj : error LNK2001: nierozpoznany symbol zewnętrzny "protected: virtual void __cdecl sf::RenderWindow::onCreate(void)" (?onCreate@RenderWindow@sf@@MEAAXXZ)
Game.obj : error LNK2001: nierozpoznany symbol zewnętrzny "protected: virtual void __cdecl sf::RenderWindow::onResize(void)" (?onResize@RenderWindow@sf@@MEAAXXZ)
Game.obj : error LNK2001: nierozpoznany symbol zewnętrzny "public: virtual bool __cdecl sf::RenderWindow::setActive(bool)" (?setActive@RenderWindow@sf@@UEAA_N_N@Z)
c:\SFML-2.5.1\lib\sfml-graphics-d.lib : warning LNK4272: wystąpił konflikt typu maszyny biblioteki „x86” z typem maszyny docelowej „x64”
c:\SFML-2.5.1\lib\sfml-window-d.lib : warning LNK4272: wystąpił konflikt typu maszyny biblioteki „x86” z typem maszyny docelowej „x64”
c:\SFML-2.5.1\lib\sfml-system-d.lib : warning LNK4272: wystąpił konflikt typu maszyny biblioteki „x86” z typem maszyny docelowej „x64”
c:\SFML-2.5.1\lib\sfml-network-d.lib : warning LNK4272: wystąpił konflikt typu maszyny biblioteki „x86” z typem maszyny docelowej „x64”
c:\SFML-2.5.1\lib\sfml-audio-d.lib : warning LNK4272: wystąpił konflikt typu maszyny biblioteki „x86” z typem maszyny docelowej „x64”
C:\Users\Kuba\source\repos\total_war\projekt\x64\Debug\projekt.exe : fatal error LNK1120: liczba nierozpoznanych elementów zewnętrznych: 16
